Geometry Parameters:
pt_nz_layer_unit: 40 50 50 
num_periods: 1
nx_work: 1
ny_work: 1
nz_work: 140
periodicX: false
periodicY: true
periodicZ: false
num_layer_unit: 3
id_lastlayer_unit: 1
id_firstlayer: 1
id_lastlayer: 1
num_layer: 3
idxi_work: 0
idyi_work: 0
idzi_work: 0
idxf_work: 0
idyf_work: 0
idzf_work: 139
dx: 1e-09
dy: 1e-09
dz: 1e-09

PML Parameters:
if_PML: true
if_PML_Xs: false
if_PML_Xe: false
if_PML_Ys: false
if_PML_Ye: false
if_PML_Zs: false
if_PML_Ze: true
PML_size: 10
sigmaMax: 132100
PML boundaries - xS: 0, xE: 1, yS: 0, yE: 1, zS: 0, zE: 210
